{"C:\\Users\\Nicolas\\OneDrive\\Documentos\\react-tests\\src\\App.tsx": {"path":"C:\\Users\\Nicolas\\OneDrive\\Documentos\\react-tests\\src\\App.tsx","all":false,"statementMap":{"0":{"start":{"line":1,"column":0},"end":{"line":1,"column":32}},"1":{"start":{"line":2,"column":0},"end":{"line":2,"column":0}},"2":{"start":{"line":3,"column":0},"end":{"line":3,"column":0}},"3":{"start":{"line":4,"column":0},"end":{"line":4,"column":16}},"4":{"start":{"line":5,"column":0},"end":{"line":5,"column":63}},"5":{"start":{"line":6,"column":0},"end":{"line":6,"column":24}},"6":{"start":{"line":7,"column":0},"end":{"line":7,"column":40}},"7":{"start":{"line":8,"column":0},"end":{"line":8,"column":3}},"8":{"start":{"line":9,"column":0},"end":{"line":9,"column":1}},"9":{"start":{"line":10,"column":0},"end":{"line":10,"column":10}},"10":{"start":{"line":11,"column":0},"end":{"line":11,"column":9}},"11":{"start":{"line":12,"column":0},"end":{"line":12,"column":16}},"12":{"start":{"line":13,"column":0},"end":{"line":13,"column":51}},"13":{"start":{"line":14,"column":0},"end":{"line":14,"column":9}},"14":{"start":{"line":15,"column":0},"end":{"line":15,"column":55}},"15":{"start":{"line":16,"column":0},"end":{"line":16,"column":10}},"16":{"start":{"line":17,"column":0},"end":{"line":17,"column":10}},"17":{"start":{"line":18,"column":0},"end":{"line":18,"column":3}},"18":{"start":{"line":19,"column":0},"end":{"line":19,"column":1}},"19":{"start":{"line":20,"column":0},"end":{"line":20,"column":0}},"20":{"start":{"line":21,"column":0},"end":{"line":21,"column":18}}},"s":{"0":1,"1":1,"2":1,"3":2,"4":2,"5":2,"6":0,"7":0,"8":2,"9":2,"10":2,"11":2,"12":2,"13":2,"14":2,"15":2,"16":2,"17":2,"18":2,"19":1,"20":1},"branchMap":{"0":{"type":"branch","line":21,"loc":{"start":{"line":21,"column":0},"end":{"line":21,"column":15}},"locations":[{"start":{"line":21,"column":0},"end":{"line":21,"column":15}}]},"1":{"type":"branch","line":4,"loc":{"start":{"line":4,"column":0},"end":{"line":19,"column":1}},"locations":[{"start":{"line":4,"column":0},"end":{"line":19,"column":1}}]},"2":{"type":"branch","line":15,"loc":{"start":{"line":15,"column":19},"end":{"line":15,"column":43}},"locations":[{"start":{"line":15,"column":19},"end":{"line":15,"column":43}}]}},"b":{"0":[2],"1":[2],"2":[6]},"fnMap":{"0":{"name":"get","decl":{"start":{"line":21,"column":0},"end":{"line":21,"column":15}},"loc":{"start":{"line":21,"column":0},"end":{"line":21,"column":15}},"line":21},"1":{"name":"App","decl":{"start":{"line":4,"column":0},"end":{"line":19,"column":1}},"loc":{"start":{"line":4,"column":0},"end":{"line":19,"column":1}},"line":4},"2":{"name":"addToList","decl":{"start":{"line":6,"column":2},"end":{"line":8,"column":3}},"loc":{"start":{"line":6,"column":2},"end":{"line":8,"column":3}},"line":6}},"f":{"0":2,"1":2,"2":0}}
}
