TN:
SF:src\components\list.tsx
FN:7,get
FN:7,List
FN:11,addToList
FN:17,removeFromList
FN:26,onChange
FN:32,onClick
FNF:6
FNH:4
FNDA:5,get
FNDA:7,List
FNDA:0,addToList
FNDA:1,removeFromList
FNDA:0,onChange
FNDA:1,onClick
DA:1,1
DA:2,1
DA:3,1
DA:4,1
DA:5,1
DA:6,1
DA:7,1
DA:8,7
DA:9,7
DA:10,7
DA:11,7
DA:12,0
DA:13,0
DA:14,0
DA:15,0
DA:16,7
DA:17,7
DA:18,1
DA:19,1
DA:20,1
DA:21,1
DA:22,7
DA:23,7
DA:24,7
DA:25,7
DA:26,7
DA:27,7
DA:28,7
DA:29,7
DA:30,5
DA:31,7
DA:32,7
DA:33,7
DA:34,7
DA:35,7
DA:36,7
DA:37,7
DA:38,7
DA:39,7
LF:39
LH:35
BRDA:7,0,0,5
BRDA:7,1,0,7
BRDA:17,2,0,1
BRDA:18,3,0,1
BRDA:19,4,0,1
BRDA:19,5,0,1
BRDA:29,6,0,5
BRDA:32,7,0,1
BRF:8
BRH:8
end_of_record
