TN:
SF:src\App.tsx
FN:37,get
FN:4,App
FN:7,addToList
FN:13,removeFromList
FN:22,onChange
FN:28,onClick
FNF:6
FNH:4
FNDA:4,get
FNDA:6,App
FNDA:0,addToList
FNDA:1,removeFromList
FNDA:0,onChange
FNDA:1,onClick
DA:1,1
DA:2,1
DA:3,1
DA:4,6
DA:5,6
DA:6,6
DA:7,6
DA:8,0
DA:9,0
DA:10,0
DA:11,0
DA:12,6
DA:13,6
DA:14,1
DA:15,1
DA:16,1
DA:17,1
DA:18,6
DA:19,6
DA:20,6
DA:21,6
DA:22,6
DA:23,6
DA:24,6
DA:25,6
DA:26,12
DA:27,6
DA:28,6
DA:29,6
DA:30,6
DA:31,6
DA:32,6
DA:33,6
DA:34,6
DA:35,6
DA:36,1
DA:37,1
LF:37
LH:33
BRDA:37,0,0,4
BRDA:4,1,0,6
BRDA:13,2,0,1
BRDA:14,3,0,1
BRDA:15,4,0,1
BRDA:15,5,0,3
BRDA:25,6,0,12
BRDA:28,7,0,1
BRF:8
BRH:8
end_of_record
